2025-03-25 10:08:56,366 - INFO - Starting...
2025-03-25 10:08:56,366 - INFO - Setup Run
2025-03-25 10:08:56,368 - INFO - True
2025-03-25 10:08:56,463 - INFO - True
2025-03-25 10:09:31,671 - INFO - Starting...
2025-03-25 10:09:31,671 - INFO - Setup Run
2025-03-25 10:09:31,671 - INFO - True
2025-03-25 10:09:31,757 - INFO - True
2025-03-25 10:09:47,410 - INFO - True
2025-03-25 10:10:00,502 - INFO - Done
2025-03-25 10:10:00,503 - INFO - False
2025-03-25 10:10:00,527 - INFO - Applying config...
2025-03-25 10:10:00,528 - INFO - 1.Busy
2025-03-25 10:10:00,528 - ERROR - Failed to start camera. Check if the camera is connected and configured properly.
2025-03-25 10:15:19,238 - ERROR - Failed to import libraries
2025-03-25 10:15:19,239 - INFO - Starting...
2025-03-25 10:15:19,239 - INFO - Setup Run
2025-03-25 10:15:19,239 - INFO - True
2025-03-25 10:15:19,331 - INFO - True
2025-03-25 10:15:22,672 - INFO - True
2025-03-26 11:18:32,153 - ERROR - Failed to import libraries
2025-03-26 11:18:32,154 - INFO - Starting...
2025-03-26 11:18:32,154 - INFO - Setup Run
2025-03-26 11:18:32,154 - INFO - True
2025-03-26 11:18:32,372 - INFO - True
2025-03-26 11:18:50,031 - INFO - Done
2025-03-26 11:18:50,031 - INFO - False
2025-03-26 11:18:50,064 - INFO - Applying config...
2025-03-26 11:18:50,064 - INFO - 1.Busy
2025-03-26 11:18:50,064 - ERROR - Failed to start camera. Check if the camera is connected and configured properly.
2025-03-28 09:09:50,297 - ERROR - Failed to import libraries
2025-03-28 09:09:50,298 - INFO - Starting...
2025-03-28 09:09:50,298 - INFO - Setup Run
2025-03-28 09:09:50,298 - INFO - True
2025-03-28 09:09:50,456 - INFO - True
2025-03-28 09:10:55,727 - INFO - True
2025-03-28 09:12:09,535 - ERROR - Failed to import libraries
2025-03-28 09:12:09,535 - INFO - Starting...
2025-03-28 09:12:09,535 - INFO - Setup Run
2025-03-28 09:12:09,535 - INFO - True
2025-03-28 09:12:09,624 - INFO - True
2025-03-28 09:12:20,108 - INFO - True
2025-03-28 09:12:38,825 - ERROR - Failed to import libraries
2025-03-28 09:12:38,825 - INFO - Starting...
2025-03-28 09:12:38,825 - INFO - Setup Run
2025-03-28 09:12:38,825 - INFO - True
2025-03-28 09:12:38,910 - INFO - True
2025-03-28 09:15:02,851 - INFO - True
2025-03-28 09:17:45,349 - ERROR - Failed to import libraries
2025-03-28 09:17:45,350 - INFO - Starting...
2025-03-28 09:17:45,350 - INFO - Setup Run
2025-03-28 09:17:45,350 - INFO - True
2025-03-28 09:21:20,212 - ERROR - Failed to import libraries
2025-03-28 09:21:20,212 - INFO - Starting...
2025-03-28 09:21:20,212 - INFO - Setup Run
2025-03-28 09:21:20,212 - INFO - True
2025-03-28 09:25:48,931 - ERROR - Failed to import libraries
2025-03-28 09:25:48,931 - INFO - Starting...
2025-03-28 09:25:48,931 - INFO - Setup Run
2025-03-28 09:25:48,931 - INFO - True
2025-03-28 09:26:26,278 - ERROR - Failed to import libraries
2025-03-28 09:26:26,278 - INFO - Starting...
2025-03-28 09:26:26,279 - INFO - Setup Run
2025-03-28 09:26:26,279 - INFO - True
2025-03-28 09:26:38,182 - ERROR - Failed to import libraries
2025-03-28 09:26:38,183 - INFO - Starting...
2025-03-28 09:26:38,183 - INFO - Setup Run
2025-03-28 09:26:38,183 - INFO - True
2025-03-28 09:26:38,274 - INFO - True
2025-03-28 09:26:52,747 - INFO - True
2025-03-28 09:26:59,369 - ERROR - Failed to import libraries
2025-03-28 09:26:59,369 - INFO - Starting...
2025-03-28 09:26:59,369 - INFO - Setup Run
2025-03-28 09:26:59,369 - INFO - True
2025-03-28 09:26:59,453 - INFO - True
2025-03-28 09:27:04,127 - INFO - True
2025-03-28 09:32:16,171 - ERROR - Failed to import libraries
2025-03-28 09:32:16,171 - INFO - Starting...
2025-03-28 09:32:16,171 - INFO - Setup Run
2025-03-28 09:32:16,171 - INFO - True
2025-03-28 09:32:16,273 - INFO - True
2025-03-28 09:33:25,332 - ERROR - Failed to import libraries
2025-03-28 09:33:25,332 - INFO - Starting...
2025-03-28 09:33:25,332 - INFO - Setup Run
2025-03-28 09:33:25,332 - INFO - True
2025-03-28 09:33:25,419 - INFO - True
2025-03-28 09:34:17,055 - ERROR - Failed to import libraries
2025-03-28 09:34:17,056 - INFO - Starting...
2025-03-28 09:34:17,056 - INFO - Setup Run
2025-03-28 09:34:17,056 - INFO - True
2025-03-28 09:34:17,147 - INFO - True
2025-03-28 09:34:22,029 - INFO - True
2025-03-28 09:35:10,393 - ERROR - Failed to import libraries
2025-03-28 09:35:10,393 - INFO - Starting...
2025-03-28 09:35:10,393 - INFO - Setup Run
2025-03-28 09:35:10,393 - INFO - True
2025-03-28 09:35:10,483 - INFO - True
2025-03-28 09:35:17,480 - INFO - True
2025-03-28 09:35:56,169 - ERROR - Failed to import libraries
2025-03-28 09:35:56,169 - INFO - Starting...
2025-03-28 09:35:56,169 - INFO - Setup Run
2025-03-28 09:35:56,169 - INFO - True
2025-03-28 09:35:56,261 - INFO - True
2025-03-28 09:37:21,112 - ERROR - Failed to import libraries
2025-03-28 09:37:21,112 - INFO - Starting...
2025-03-28 09:37:21,113 - INFO - Setup Run
2025-03-28 09:37:21,113 - INFO - True
2025-03-28 09:37:21,201 - INFO - True
2025-03-28 09:37:59,092 - ERROR - Failed to import libraries
2025-03-28 09:37:59,092 - INFO - Starting...
2025-03-28 09:37:59,092 - INFO - Setup Run
2025-03-28 09:37:59,092 - INFO - True
2025-03-28 09:37:59,181 - INFO - True
2025-03-28 09:38:57,675 - ERROR - Failed to import libraries
2025-03-28 09:38:57,676 - INFO - Starting...
2025-03-28 09:38:57,676 - INFO - Setup Run
2025-03-28 09:38:57,676 - INFO - True
2025-03-28 09:38:57,769 - INFO - True
2025-03-28 09:39:03,109 - INFO - True
2025-03-28 09:39:14,632 - ERROR - Failed to import libraries
2025-03-28 09:39:14,632 - INFO - Starting...
2025-03-28 09:39:14,632 - INFO - Setup Run
2025-03-28 09:39:14,632 - INFO - True
2025-03-28 09:39:14,730 - INFO - True
2025-03-28 09:39:23,206 - INFO - True
2025-03-28 09:39:38,916 - ERROR - Failed to import libraries
2025-03-28 09:39:38,917 - INFO - Starting...
2025-03-28 09:39:38,917 - INFO - Setup Run
2025-03-28 09:39:38,917 - INFO - True
2025-03-28 09:39:39,000 - INFO - True
2025-03-28 09:44:47,338 - ERROR - Failed to import libraries
2025-03-28 09:44:47,339 - INFO - Starting...
2025-03-28 09:44:47,339 - INFO - Setup Run
2025-03-28 09:44:47,339 - INFO - True
2025-03-28 09:44:47,439 - INFO - True
2025-03-28 09:44:52,131 - INFO - True
2025-03-28 09:45:17,343 - ERROR - Failed to import libraries
2025-03-28 09:45:17,343 - INFO - Starting...
2025-03-28 09:45:17,343 - INFO - Setup Run
2025-03-28 09:45:17,344 - INFO - True
2025-03-28 09:45:17,432 - INFO - True
2025-03-28 09:45:20,903 - INFO - True
2025-03-28 09:45:39,233 - ERROR - Failed to import libraries
2025-03-28 09:45:39,233 - INFO - Starting...
2025-03-28 09:45:39,233 - INFO - Setup Run
2025-03-28 09:45:39,233 - INFO - True
2025-03-28 09:45:39,320 - INFO - True
2025-03-28 09:45:45,584 - INFO - True
2025-03-28 09:46:15,443 - ERROR - Failed to import libraries
2025-03-28 09:46:15,443 - INFO - Starting...
2025-03-28 09:46:15,444 - INFO - Setup Run
2025-03-28 09:46:15,444 - INFO - True
2025-03-28 09:46:15,530 - INFO - True
2025-03-28 09:46:23,387 - INFO - True
2025-03-28 09:46:39,912 - ERROR - Failed to import libraries
2025-03-28 09:46:39,912 - INFO - Starting...
2025-03-28 09:46:39,912 - INFO - Setup Run
2025-03-28 09:46:39,912 - INFO - True
2025-03-28 09:46:40,002 - INFO - True
2025-03-28 09:46:45,579 - INFO - True
2025-03-28 09:47:34,285 - ERROR - Failed to import libraries
2025-03-28 09:47:34,286 - INFO - Starting...
2025-03-28 09:47:34,286 - INFO - Setup Run
2025-03-28 09:47:34,286 - INFO - True
2025-03-28 09:47:34,378 - INFO - True
2025-03-28 09:47:41,958 - INFO - True
2025-03-28 09:48:42,609 - ERROR - Failed to import libraries
2025-03-28 09:48:42,609 - INFO - Starting...
2025-03-28 09:48:42,609 - INFO - Setup Run
2025-03-28 09:48:42,609 - INFO - True
2025-03-28 09:48:42,694 - INFO - True
2025-03-28 09:48:44,477 - INFO - True
2025-03-28 09:51:17,205 - ERROR - Failed to import libraries
2025-03-28 09:51:17,205 - INFO - Starting...
2025-03-28 09:51:17,205 - INFO - Setup Run
2025-03-28 09:51:17,205 - INFO - True
2025-03-28 09:51:36,398 - ERROR - Failed to import libraries
2025-03-28 09:51:36,398 - INFO - Starting...
2025-03-28 09:51:36,399 - INFO - Setup Run
2025-03-28 09:51:36,399 - INFO - True
2025-03-28 09:51:36,539 - INFO - True
2025-03-28 09:51:57,713 - ERROR - Failed to import libraries
2025-03-28 09:51:57,713 - INFO - Starting...
2025-03-28 09:51:57,713 - INFO - Setup Run
2025-03-28 09:51:57,713 - INFO - True
2025-03-28 09:51:57,844 - INFO - True
2025-03-28 09:52:03,601 - INFO - True
2025-03-28 09:52:12,080 - ERROR - Failed to import libraries
2025-03-28 09:52:12,080 - INFO - Starting...
2025-03-28 09:52:12,080 - INFO - Setup Run
2025-03-28 09:52:12,080 - INFO - True
2025-03-28 09:52:12,223 - INFO - True
2025-03-28 09:52:15,862 - INFO - True
2025-03-28 09:52:25,384 - ERROR - Failed to import libraries
2025-03-28 09:52:25,384 - INFO - Starting...
2025-03-28 09:52:25,384 - INFO - Setup Run
2025-03-28 09:52:25,384 - INFO - True
2025-03-28 09:52:25,516 - INFO - True
2025-03-28 09:52:27,493 - INFO - True
2025-03-28 09:52:40,362 - ERROR - Failed to import libraries
2025-03-28 09:52:40,362 - INFO - Starting...
2025-03-28 09:52:40,362 - INFO - Setup Run
2025-03-28 09:52:40,362 - INFO - True
2025-03-28 09:52:40,503 - INFO - True
2025-03-28 09:52:52,415 - INFO - True
2025-03-28 09:53:20,274 - ERROR - Failed to import libraries
2025-03-28 09:53:20,274 - INFO - Starting...
2025-03-28 09:53:20,274 - INFO - Setup Run
2025-03-28 09:53:20,274 - INFO - True
2025-03-28 09:53:20,408 - INFO - True
2025-03-28 09:53:22,851 - INFO - True
2025-03-28 09:55:46,977 - ERROR - Failed to import libraries
2025-03-28 09:55:46,977 - INFO - Starting...
2025-03-28 09:55:46,977 - INFO - Setup Run
2025-03-28 09:55:46,978 - INFO - True
2025-03-28 09:55:47,117 - INFO - True
2025-03-28 09:56:39,911 - ERROR - Failed to import libraries
2025-03-28 09:56:39,911 - INFO - Starting...
2025-03-28 09:56:39,912 - INFO - Setup Run
2025-03-28 09:56:39,912 - INFO - True
2025-03-28 09:56:40,044 - INFO - True
2025-03-28 09:56:57,265 - INFO - True
2025-03-28 09:57:08,940 - ERROR - Failed to import libraries
2025-03-28 09:57:08,940 - INFO - Starting...
2025-03-28 09:57:08,940 - INFO - Setup Run
2025-03-28 09:57:08,940 - INFO - True
2025-03-28 09:57:09,111 - INFO - True
2025-03-28 09:57:23,762 - ERROR - Failed to import libraries
2025-03-28 09:57:23,763 - INFO - Starting...
2025-03-28 09:57:23,763 - INFO - Setup Run
2025-03-28 09:57:23,763 - INFO - True
2025-03-28 09:57:23,911 - INFO - True
2025-03-28 09:57:44,645 - ERROR - Failed to import libraries
2025-03-28 09:57:44,646 - INFO - Starting...
2025-03-28 09:57:44,646 - INFO - Setup Run
2025-03-28 09:57:44,646 - INFO - True
2025-03-28 09:57:44,788 - INFO - True
2025-03-28 09:57:53,567 - INFO - True
2025-03-28 09:58:44,351 - ERROR - Failed to import libraries
2025-03-28 09:58:44,351 - INFO - Starting...
2025-03-28 09:58:44,352 - INFO - Setup Run
2025-03-28 09:58:44,352 - INFO - True
2025-03-28 09:58:44,480 - INFO - True
2025-03-28 09:58:53,478 - INFO - True
2025-03-28 09:59:07,272 - ERROR - Failed to import libraries
2025-03-28 09:59:07,273 - INFO - Starting...
2025-03-28 09:59:07,273 - INFO - Setup Run
2025-03-28 09:59:07,273 - INFO - True
2025-03-28 09:59:07,404 - INFO - True
2025-03-28 09:59:14,776 - INFO - True
2025-03-28 10:00:41,652 - ERROR - Failed to import libraries
2025-03-28 10:00:41,652 - INFO - Starting...
2025-03-28 10:00:41,652 - INFO - Setup Run
2025-03-28 10:00:41,652 - INFO - True
2025-03-28 10:00:55,675 - ERROR - Failed to import libraries
2025-03-28 10:00:55,676 - INFO - Starting...
2025-03-28 10:00:55,676 - INFO - Setup Run
2025-03-28 10:00:55,676 - INFO - True
2025-03-28 10:02:03,434 - ERROR - Failed to import libraries
2025-03-28 10:02:03,434 - INFO - Starting...
2025-03-28 10:02:03,434 - INFO - Setup Run
2025-03-28 10:02:03,435 - INFO - True
2025-03-28 10:02:03,575 - INFO - True
2025-03-28 10:02:58,697 - ERROR - Failed to import libraries
2025-03-28 10:02:58,697 - INFO - Starting...
2025-03-28 10:02:58,697 - INFO - Setup Run
2025-03-28 10:02:58,697 - INFO - True
2025-03-28 10:02:58,831 - INFO - True
2025-03-28 10:03:01,237 - INFO - True
2025-03-28 10:03:35,023 - ERROR - Failed to import libraries
2025-03-28 10:03:35,023 - INFO - Starting...
2025-03-28 10:03:35,024 - INFO - Setup Run
2025-03-28 10:03:35,024 - INFO - True
2025-03-28 10:03:35,156 - INFO - True
2025-03-28 10:03:45,229 - ERROR - Failed to import libraries
2025-03-28 10:03:45,230 - INFO - Starting...
2025-03-28 10:03:45,230 - INFO - Setup Run
2025-03-28 10:03:45,230 - INFO - True
2025-03-28 10:03:45,358 - INFO - True
2025-03-28 10:03:56,350 - ERROR - Failed to import libraries
2025-03-28 10:03:56,350 - INFO - Starting...
2025-03-28 10:03:56,350 - INFO - Setup Run
2025-03-28 10:03:56,350 - INFO - True
2025-03-28 10:03:56,483 - INFO - True
2025-03-28 10:04:03,326 - INFO - True
2025-03-28 10:04:19,176 - ERROR - Failed to import libraries
2025-03-28 10:04:19,176 - INFO - Starting...
2025-03-28 10:04:19,176 - INFO - Setup Run
2025-03-28 10:04:19,176 - INFO - True
2025-03-28 10:04:19,309 - INFO - True
2025-03-28 10:05:27,584 - ERROR - Failed to import libraries
2025-03-28 10:05:27,585 - INFO - Starting...
2025-03-28 10:05:27,585 - INFO - Setup Run
2025-03-28 10:05:27,585 - INFO - True
2025-03-28 10:05:27,732 - INFO - True
2025-03-28 10:05:37,559 - ERROR - Failed to import libraries
2025-03-28 10:05:37,560 - INFO - Starting...
2025-03-28 10:05:37,560 - INFO - Setup Run
2025-03-28 10:05:37,560 - INFO - True
2025-03-28 10:05:37,694 - INFO - True
2025-03-28 10:05:41,491 - INFO - True
2025-03-28 10:05:51,370 - ERROR - Failed to import libraries
2025-03-28 10:05:51,371 - INFO - Starting...
2025-03-28 10:05:51,371 - INFO - Setup Run
2025-03-28 10:05:51,371 - INFO - True
2025-03-28 10:05:51,502 - INFO - True
